<?xml version="1.0" encoding="UTF-8"?>
<!-- Generated by org.testng.reporters.JUnitReportReporter -->
<testsuite hostname="DESKTOP-U704183" failures="0" tests="1" name="signuptest" time="9.767" errors="0" timestamp="2023-10-04T23:43:20 PDT" skipped="0">
  <testcase classname="signuptest" name="myTest" time="9.767"/>
  <system-out/>
</testsuite> <!-- signuptest -->
